Started GET "/" for ::1 at 2020-10-08 16:36:51 -0700
DEPRECATION WARNING: ActiveRecord::Base.raise_in_transactional_callbacks= is deprecated, has no effect and will be removed without replacement. (called from block (3 levels) in <class:Railtie> at /Users/carlosgarciajr/.rbenv/versions/2.5.1/lib/ruby/gems/2.5.0/gems/activerecord-5.0.7.2/lib/active_record/railtie.rb:113)
Processing by StaticPagesController#index as HTML
  Rendering static_pages/index.html.erb within layouts/application
  Rendered shared/_main_nav.html.erb (0.3ms)
  Rendered shared/_masthead.html.erb (0.2ms)
  Rendered shared/_sections_nav.html.erb (0.2ms)
  Rendered shared/_search_modal.html.erb (0.2ms)
  Rendered shared/_main_content.html.erb (0.2ms)
  Rendered static_pages/index.html.erb within layouts/application (15.2ms)
Completed 200 OK in 362ms (Views: 358.9ms | ActiveRecord: 0.0ms)


Started GET "/assets/application.self-5e5b219656abf8c4e83f7dfd5e5f4f415d8fe2348d16620303a4ed96d1b5a144.css?body=1" for ::1 at 2020-10-08 16:36:52 -0700
Started GET "/" for ::1 at 2020-10-08 16:36:53 -0700
Processing by StaticPagesController#index as HTML
  Rendering static_pages/index.html.erb within layouts/application
  Rendered shared/_main_nav.html.erb (0.2ms)
  Rendered shared/_masthead.html.erb (0.2ms)
  Rendered shared/_sections_nav.html.erb (0.2ms)
  Rendered shared/_search_modal.html.erb (0.2ms)
  Rendered shared/_main_content.html.erb (0.1ms)
  Rendered static_pages/index.html.erb within layouts/application (13.2ms)
Completed 200 OK in 29ms (Views: 26.9ms | ActiveRecord: 0.0ms)


Started GET "/" for ::1 at 2020-10-08 16:37:17 -0700
Processing by StaticPagesController#index as HTML
  Rendering static_pages/index.html.erb within layouts/application
  Rendered shared/_main_nav.html.erb (0.2ms)
  Rendered shared/_masthead.html.erb (0.2ms)
  Rendered shared/_sections_nav.html.erb (0.2ms)
  Rendered shared/_search_modal.html.erb (0.2ms)
  Rendered shared/_main_content.html.erb (0.2ms)
  Rendered static_pages/index.html.erb within layouts/application (14.6ms)
Completed 200 OK in 35ms (Views: 31.8ms | ActiveRecord: 0.0ms)


Started GET "/" for ::1 at 2020-10-08 16:37:20 -0700
Processing by StaticPagesController#index as HTML
  Rendering static_pages/index.html.erb within layouts/application
  Rendered shared/_main_nav.html.erb (0.2ms)
  Rendered shared/_masthead.html.erb (0.2ms)
  Rendered shared/_sections_nav.html.erb (0.2ms)
  Rendered shared/_search_modal.html.erb (0.2ms)
  Rendered shared/_main_content.html.erb (0.2ms)
  Rendered static_pages/index.html.erb within layouts/application (12.8ms)
Completed 200 OK in 30ms (Views: 27.7ms | ActiveRecord: 0.0ms)


Started GET "/" for ::1 at 2020-10-09 09:59:50 -0700
DEPRECATION WARNING: ActiveRecord::Base.raise_in_transactional_callbacks= is deprecated, has no effect and will be removed without replacement. (called from block (3 levels) in <class:Railtie> at /Users/carlosgarciajr/.rbenv/versions/2.5.1/lib/ruby/gems/2.5.0/gems/activerecord-5.0.7.2/lib/active_record/railtie.rb:113)
Processing by StaticPagesController#index as HTML
  Rendering static_pages/index.html.erb within layouts/application
  Rendered shared/_main_nav.html.erb (0.3ms)
  Rendered shared/_masthead.html.erb (0.2ms)
  Rendered shared/_sections_nav.html.erb (0.2ms)
  Rendered shared/_search_modal.html.erb (0.2ms)
  Rendered shared/_main_content.html.erb (0.2ms)
  Rendered static_pages/index.html.erb within layouts/application (15.4ms)
Completed 200 OK in 353ms (Views: 350.1ms | ActiveRecord: 0.0ms)


Started GET "/assets/application.self-7aae4f884d21c0f895d0e25909b4a3857ca3f7bdd4412baf28bf32a8b1f558b1.css?body=1" for ::1 at 2020-10-09 09:59:51 -0700
Started GET "/" for ::1 at 2020-10-09 10:00:16 -0700
Processing by StaticPagesController#index as HTML
  Rendering static_pages/index.html.erb within layouts/application
  Rendered shared/_main_nav.html.erb (0.2ms)
  Rendered shared/_masthead.html.erb (0.2ms)
  Rendered shared/_sections_nav.html.erb (0.1ms)
  Rendered shared/_search_modal.html.erb (0.2ms)
  Rendered shared/_main_content.html.erb (0.4ms)
  Rendered static_pages/index.html.erb within layouts/application (12.9ms)
Completed 200 OK in 34ms (Views: 30.5ms | ActiveRecord: 0.0ms)


Started GET "/assets/new_office.jpg" for ::1 at 2020-10-09 10:00:16 -0700
Started GET "/" for ::1 at 2020-10-09 10:03:51 -0700
Processing by StaticPagesController#index as HTML
  Rendering static_pages/index.html.erb within layouts/application
  Rendered shared/_main_nav.html.erb (0.2ms)
  Rendered shared/_masthead.html.erb (0.2ms)
  Rendered shared/_sections_nav.html.erb (0.3ms)
  Rendered shared/_search_modal.html.erb (0.2ms)
  Rendered shared/_main_content.html.erb (0.3ms)
  Rendered static_pages/index.html.erb within layouts/application (13.1ms)
Completed 200 OK in 109ms (Views: 104.9ms | ActiveRecord: 0.0ms)


Started GET "/assets/application.self-e229079662ba64eec2df88cc9898f07a6b5005419aa37c928d3d684a6d58d3e4.css?body=1" for ::1 at 2020-10-09 10:03:51 -0700
Started GET "/assets/new_office.jpg" for ::1 at 2020-10-09 10:03:51 -0700
Started GET "/" for ::1 at 2020-10-12 13:48:14 -0700
DEPRECATION WARNING: ActiveRecord::Base.raise_in_transactional_callbacks= is deprecated, has no effect and will be removed without replacement. (called from block (3 levels) in <class:Railtie> at /Users/carlosgarciajr/.rbenv/versions/2.5.1/lib/ruby/gems/2.5.0/gems/activerecord-5.0.7.2/lib/active_record/railtie.rb:113)
Processing by StaticPagesController#index as HTML
  Rendering static_pages/index.html.erb within layouts/application
  Rendered shared/_main_nav.html.erb (0.2ms)
  Rendered shared/_masthead.html.erb (0.1ms)
  Rendered shared/_sections_nav.html.erb (0.1ms)
  Rendered shared/_search_modal.html.erb (0.2ms)
  Rendered shared/_main_content.html.erb (0.3ms)
  Rendered static_pages/index.html.erb within layouts/application (14.5ms)
Completed 500 Internal Server Error in 194ms (ActiveRecord: 0.0ms)



Sass::SyntaxError - File to import not found or unreadable: base/grid.scss.
Load paths:
  /Users/carlosgarciajr/Documents/programming/app_academy_work/curriculum/html-css/projects/aa_times/skeleton/app/assets/images
  /Users/carlosgarciajr/Documents/programming/app_academy_work/curriculum/html-css/projects/aa_times/skeleton/app/assets/javascripts
  /Users/carlosgarciajr/Documents/programming/app_academy_work/curriculum/html-css/projects/aa_times/skeleton/app/assets/stylesheets
  /Users/carlosgarciajr/Documents/programming/app_academy_work/curriculum/html-css/projects/aa_times/skeleton/vendor/assets/javascripts
  /Users/carlosgarciajr/Documents/programming/app_academy_work/curriculum/html-css/projects/aa_times/skeleton/vendor/assets/stylesheets
  /Users/carlosgarciajr/.rbenv/versions/2.5.1/lib/ruby/gems/2.5.0/gems/jquery-rails-4.4.0/vendor/assets/javascripts
  /Users/carlosgarciajr/.rbenv/versions/2.5.1/lib/ruby/gems/2.5.0/gems/coffee-rails-4.2.2/lib/assets/javascripts
  /Users/carlosgarciajr/.rbenv/versions/2.5.1/lib/ruby/gems/2.5.0/gems/actioncable-5.0.7.2/lib/assets/compiled:
  app/views/layouts/application.html.erb:7:in `_app_views_layouts_application_html_erb___270333905406359367_70279989431840'

Started POST "/__better_errors/927a171e4587d656/variables" for ::1 at 2020-10-12 13:48:14 -0700
Started GET "/" for ::1 at 2020-10-12 13:48:41 -0700
Processing by StaticPagesController#index as HTML
  Rendering static_pages/index.html.erb within layouts/application
  Rendered shared/_main_nav.html.erb (0.2ms)
  Rendered shared/_masthead.html.erb (0.1ms)
  Rendered shared/_sections_nav.html.erb (0.3ms)
  Rendered shared/_search_modal.html.erb (0.3ms)
  Rendered shared/_main_content.html.erb (0.2ms)
  Rendered static_pages/index.html.erb within layouts/application (12.8ms)
Completed 200 OK in 110ms (Views: 107.4ms | ActiveRecord: 0.0ms)


Started GET "/assets/application.self-1237ad35a9ee79bd64030d4638d1fd80f6734c490eb538e0dd01d7af3c16bf40.css?body=1" for ::1 at 2020-10-12 13:48:41 -0700
Started GET "/" for ::1 at 2020-10-12 13:48:43 -0700
Processing by StaticPagesController#index as HTML
  Rendering static_pages/index.html.erb within layouts/application
  Rendered shared/_main_nav.html.erb (0.2ms)
  Rendered shared/_masthead.html.erb (0.2ms)
  Rendered shared/_sections_nav.html.erb (0.2ms)
  Rendered shared/_search_modal.html.erb (0.2ms)
  Rendered shared/_main_content.html.erb (0.2ms)
  Rendered static_pages/index.html.erb within layouts/application (13.1ms)
Completed 200 OK in 33ms (Views: 29.9ms | ActiveRecord: 0.0ms)


Started GET "/" for ::1 at 2020-10-12 13:55:52 -0700
DEPRECATION WARNING: ActiveRecord::Base.raise_in_transactional_callbacks= is deprecated, has no effect and will be removed without replacement. (called from block (3 levels) in <class:Railtie> at /Users/carlosgarciajr/.rbenv/versions/2.5.1/lib/ruby/gems/2.5.0/gems/activerecord-5.0.7.2/lib/active_record/railtie.rb:113)
Processing by StaticPagesController#index as HTML
  Rendering static_pages/index.html.erb within layouts/application
  Rendered shared/_main_nav.html.erb (0.2ms)
  Rendered shared/_masthead.html.erb (0.1ms)
  Rendered shared/_sections_nav.html.erb (0.3ms)
  Rendered shared/_search_modal.html.erb (0.2ms)
  Rendered shared/_main_content.html.erb (0.3ms)
  Rendered static_pages/index.html.erb within layouts/application (14.6ms)
Completed 200 OK in 257ms (Views: 254.8ms | ActiveRecord: 0.0ms)


Started GET "/assets/application.self-758afe40c177e32f890a8b8e23f11571b5d1785af915c0789bd6a19191afc6ab.css?body=1" for ::1 at 2020-10-12 13:55:52 -0700
Started GET "/assets/new_office.jpg" for ::1 at 2020-10-12 13:55:52 -0700
Started GET "/" for ::1 at 2020-10-12 13:56:32 -0700
Processing by StaticPagesController#index as HTML
  Rendering static_pages/index.html.erb within layouts/application
  Rendered shared/_main_nav.html.erb (0.1ms)
  Rendered shared/_masthead.html.erb (0.2ms)
  Rendered shared/_sections_nav.html.erb (0.1ms)
  Rendered shared/_search_modal.html.erb (0.3ms)
  Rendered shared/_main_content.html.erb (0.3ms)
  Rendered static_pages/index.html.erb within layouts/application (12.3ms)
Completed 200 OK in 75ms (Views: 72.8ms | ActiveRecord: 0.0ms)


Started GET "/assets/application.self-e229079662ba64eec2df88cc9898f07a6b5005419aa37c928d3d684a6d58d3e4.css?body=1" for ::1 at 2020-10-12 13:56:32 -0700
Started GET "/assets/new_office.jpg" for ::1 at 2020-10-12 13:56:32 -0700
Started GET "/" for ::1 at 2020-10-12 13:56:33 -0700
Processing by StaticPagesController#index as HTML
  Rendering static_pages/index.html.erb within layouts/application
  Rendered shared/_main_nav.html.erb (0.2ms)
  Rendered shared/_masthead.html.erb (0.2ms)
  Rendered shared/_sections_nav.html.erb (0.2ms)
  Rendered shared/_search_modal.html.erb (0.2ms)
  Rendered shared/_main_content.html.erb (0.2ms)
  Rendered static_pages/index.html.erb within layouts/application (12.9ms)
Completed 200 OK in 34ms (Views: 31.3ms | ActiveRecord: 0.0ms)


Started GET "/assets/new_office.jpg" for ::1 at 2020-10-12 13:56:33 -0700
Started GET "/" for ::1 at 2020-10-12 13:57:15 -0700
Processing by StaticPagesController#index as HTML
  Rendering static_pages/index.html.erb within layouts/application
  Rendered shared/_main_nav.html.erb (0.2ms)
  Rendered shared/_masthead.html.erb (0.2ms)
  Rendered shared/_sections_nav.html.erb (0.2ms)
  Rendered shared/_search_modal.html.erb (0.2ms)
  Rendered shared/_main_content.html.erb (0.3ms)
  Rendered static_pages/index.html.erb within layouts/application (12.6ms)
Completed 200 OK in 92ms (Views: 88.2ms | ActiveRecord: 0.0ms)


Started GET "/assets/application.self-7aae4f884d21c0f895d0e25909b4a3857ca3f7bdd4412baf28bf32a8b1f558b1.css?body=1" for ::1 at 2020-10-12 13:57:15 -0700
Started GET "/assets/new_office.jpg" for ::1 at 2020-10-12 13:57:15 -0700
Started GET "/" for ::1 at 2021-10-14 16:41:00 -0400
DEPRECATION WARNING: ActiveRecord::Base.raise_in_transactional_callbacks= is deprecated, has no effect and will be removed without replacement. (called from block (3 levels) in <class:Railtie> at /Users/jacky/.rbenv/versions/2.5.1/lib/ruby/gems/2.5.0/gems/activerecord-5.0.7.2/lib/active_record/railtie.rb:113)
Processing by StaticPagesController#index as HTML
  Rendering static_pages/index.html.erb within layouts/application
  Rendered shared/_main_nav.html.erb (0.4ms)
  Rendered shared/_masthead.html.erb (0.4ms)
  Rendered shared/_sections_nav.html.erb (0.2ms)
  Rendered shared/_search_modal.html.erb (0.2ms)
  Rendered shared/_main_content.html.erb (0.2ms)
  Rendered static_pages/index.html.erb within layouts/application (32.9ms)
Completed 200 OK in 944ms (Views: 936.4ms | ActiveRecord: 0.0ms)


Started GET "/assets/components/sidebar.self-2a1277f850a6fa21e1a974ef5152f177ac05516477d5081d593bb137b3d6808b.js?body=1" for ::1 at 2021-10-14 16:41:02 -0400
Started GET "/assets/jquery_ujs.self-784a997f6726036b1993eb2217c9cb558e1cbb801c6da88105588c56f13b466a.js?body=1" for ::1 at 2021-10-14 16:41:02 -0400
Started GET "/assets/components/modal.self-52188644dbb47def5ee35ae02e69eb567ca9b664472357a8a5789dd39032a265.js?body=1" for ::1 at 2021-10-14 16:41:02 -0400
Started GET "/assets/application.self-b2afec0e64520da4786aedf569117b516635b08640df9978f62b2a38649aec9e.css?body=1" for ::1 at 2021-10-14 16:41:02 -0400
Started GET "/assets/jquery.self-bd7ddd393353a8d2480a622e80342adf488fb6006d667e8b42e4c0073393abee.js?body=1" for ::1 at 2021-10-14 16:41:02 -0400
Started GET "/assets/application.self-f571b9db02bf4ed04c38a6a29072ac382f7d4f47db1fab9817aeadb0d8665235.js?body=1" for ::1 at 2021-10-14 16:41:02 -0400
Started GET "/assets/application.self-b2afec0e64520da4786aedf569117b516635b08640df9978f62b2a38649aec9e.css?body=1&livereload=1634244410845" for ::1 at 2021-10-14 16:46:50 -0400
Started GET "/assets/application.self-b2afec0e64520da4786aedf569117b516635b08640df9978f62b2a38649aec9e.css?body=1&livereload=1634244410846" for ::1 at 2021-10-14 16:46:50 -0400
Started GET "/assets/application.self-b2afec0e64520da4786aedf569117b516635b08640df9978f62b2a38649aec9e.css?body=1&livereload=1634244414837" for ::1 at 2021-10-14 16:46:54 -0400
Started GET "/assets/application.self-b2afec0e64520da4786aedf569117b516635b08640df9978f62b2a38649aec9e.css?body=1&livereload=1634244414839" for ::1 at 2021-10-14 16:46:54 -0400
Started GET "/assets/application.self-b2afec0e64520da4786aedf569117b516635b08640df9978f62b2a38649aec9e.css?body=1&livereload=1634244417835" for ::1 at 2021-10-14 16:46:57 -0400
Started GET "/assets/application.self-b2afec0e64520da4786aedf569117b516635b08640df9978f62b2a38649aec9e.css?body=1&livereload=1634244417837" for ::1 at 2021-10-14 16:46:57 -0400
Started GET "/assets/application.self-b2afec0e64520da4786aedf569117b516635b08640df9978f62b2a38649aec9e.css?body=1&livereload=1634244425881" for ::1 at 2021-10-14 16:47:05 -0400
Started GET "/assets/application.self-b2afec0e64520da4786aedf569117b516635b08640df9978f62b2a38649aec9e.css?body=1&livereload=1634244425885" for ::1 at 2021-10-14 16:47:05 -0400
Started GET "/assets/application.self-b2afec0e64520da4786aedf569117b516635b08640df9978f62b2a38649aec9e.css?body=1&livereload=1634244429877" for ::1 at 2021-10-14 16:47:09 -0400
Started GET "/assets/application.self-b2afec0e64520da4786aedf569117b516635b08640df9978f62b2a38649aec9e.css?body=1&livereload=1634244429879" for ::1 at 2021-10-14 16:47:09 -0400
Started GET "/assets/application.self-b2afec0e64520da4786aedf569117b516635b08640df9978f62b2a38649aec9e.css?body=1&livereload=1634244432871" for ::1 at 2021-10-14 16:47:12 -0400
Started GET "/assets/application.self-b2afec0e64520da4786aedf569117b516635b08640df9978f62b2a38649aec9e.css?body=1&livereload=1634244432874" for ::1 at 2021-10-14 16:47:12 -0400
Started GET "/assets/application.self-b2afec0e64520da4786aedf569117b516635b08640df9978f62b2a38649aec9e.css?body=1&livereload=1634244433899" for ::1 at 2021-10-14 16:47:13 -0400
Started GET "/assets/application.self-b2afec0e64520da4786aedf569117b516635b08640df9978f62b2a38649aec9e.css?body=1&livereload=1634244433897" for ::1 at 2021-10-14 16:47:13 -0400
Started GET "/assets/application.self-b2afec0e64520da4786aedf569117b516635b08640df9978f62b2a38649aec9e.css?body=1&livereload=1634244439881" for ::1 at 2021-10-14 16:47:19 -0400
Started GET "/assets/application.self-b2afec0e64520da4786aedf569117b516635b08640df9978f62b2a38649aec9e.css?body=1&livereload=1634244439884" for ::1 at 2021-10-14 16:47:19 -0400
Started GET "/assets/application.self-b2afec0e64520da4786aedf569117b516635b08640df9978f62b2a38649aec9e.css?body=1&livereload=1634244445864" for ::1 at 2021-10-14 16:47:25 -0400
Started GET "/assets/application.self-b2afec0e64520da4786aedf569117b516635b08640df9978f62b2a38649aec9e.css?body=1&livereload=1634244445863" for ::1 at 2021-10-14 16:47:25 -0400
Started GET "/assets/application.self-b2afec0e64520da4786aedf569117b516635b08640df9978f62b2a38649aec9e.css?body=1&livereload=1634244446907" for ::1 at 2021-10-14 16:47:26 -0400
Started GET "/assets/application.self-b2afec0e64520da4786aedf569117b516635b08640df9978f62b2a38649aec9e.css?body=1&livereload=1634244446910" for ::1 at 2021-10-14 16:47:26 -0400
Started GET "/assets/application.self-b2afec0e64520da4786aedf569117b516635b08640df9978f62b2a38649aec9e.css?body=1&livereload=1634244474006" for ::1 at 2021-10-14 16:47:54 -0400
Started GET "/assets/application.self-b2afec0e64520da4786aedf569117b516635b08640df9978f62b2a38649aec9e.css?body=1&livereload=1634244474012" for ::1 at 2021-10-14 16:47:54 -0400
Started GET "/assets/application.self-b2afec0e64520da4786aedf569117b516635b08640df9978f62b2a38649aec9e.css?body=1&livereload=1634244503120" for ::1 at 2021-10-14 16:48:23 -0400
Started GET "/assets/application.self-b2afec0e64520da4786aedf569117b516635b08640df9978f62b2a38649aec9e.css?body=1&livereload=1634244503122" for ::1 at 2021-10-14 16:48:23 -0400
Started GET "/assets/application.self-b2afec0e64520da4786aedf569117b516635b08640df9978f62b2a38649aec9e.css?body=1&livereload=1634244505077" for ::1 at 2021-10-14 16:48:25 -0400
Started GET "/assets/application.self-b2afec0e64520da4786aedf569117b516635b08640df9978f62b2a38649aec9e.css?body=1&livereload=1634244505078" for ::1 at 2021-10-14 16:48:25 -0400
Started GET "/assets/application.self-b2afec0e64520da4786aedf569117b516635b08640df9978f62b2a38649aec9e.css?body=1&livereload=1634244506107" for ::1 at 2021-10-14 16:48:26 -0400
Started GET "/assets/application.self-b2afec0e64520da4786aedf569117b516635b08640df9978f62b2a38649aec9e.css?body=1&livereload=1634244506108" for ::1 at 2021-10-14 16:48:26 -0400
Started GET "/assets/application.self-b2afec0e64520da4786aedf569117b516635b08640df9978f62b2a38649aec9e.css?body=1&livereload=1634244515139" for ::1 at 2021-10-14 16:48:35 -0400
Started GET "/assets/application.self-b2afec0e64520da4786aedf569117b516635b08640df9978f62b2a38649aec9e.css?body=1&livereload=1634244515138" for ::1 at 2021-10-14 16:48:35 -0400
Started GET "/assets/application.self-b2afec0e64520da4786aedf569117b516635b08640df9978f62b2a38649aec9e.css?body=1&livereload=1634244516081" for ::1 at 2021-10-14 16:48:36 -0400
Started GET "/assets/application.self-b2afec0e64520da4786aedf569117b516635b08640df9978f62b2a38649aec9e.css?body=1&livereload=1634244516083" for ::1 at 2021-10-14 16:48:36 -0400
Started GET "/assets/application.self-b2afec0e64520da4786aedf569117b516635b08640df9978f62b2a38649aec9e.css?body=1&livereload=1634244596325" for ::1 at 2021-10-14 16:49:56 -0400
Started GET "/assets/application.self-b2afec0e64520da4786aedf569117b516635b08640df9978f62b2a38649aec9e.css?body=1&livereload=1634244596324" for ::1 at 2021-10-14 16:49:56 -0400
Started GET "/assets/application.self-b2afec0e64520da4786aedf569117b516635b08640df9978f62b2a38649aec9e.css?body=1&livereload=1634244597349" for ::1 at 2021-10-14 16:49:57 -0400
Started GET "/assets/application.self-b2afec0e64520da4786aedf569117b516635b08640df9978f62b2a38649aec9e.css?body=1&livereload=1634244597350" for ::1 at 2021-10-14 16:49:57 -0400
Started GET "/assets/application.self-b2afec0e64520da4786aedf569117b516635b08640df9978f62b2a38649aec9e.css?body=1&livereload=1634244601351" for ::1 at 2021-10-14 16:50:01 -0400
Started GET "/assets/application.self-b2afec0e64520da4786aedf569117b516635b08640df9978f62b2a38649aec9e.css?body=1&livereload=1634244601352" for ::1 at 2021-10-14 16:50:01 -0400
Started GET "/assets/application.self-b2afec0e64520da4786aedf569117b516635b08640df9978f62b2a38649aec9e.css?body=1&livereload=1634244612435" for ::1 at 2021-10-14 16:50:12 -0400
Started GET "/assets/application.self-b2afec0e64520da4786aedf569117b516635b08640df9978f62b2a38649aec9e.css?body=1&livereload=1634244612437" for ::1 at 2021-10-14 16:50:12 -0400
Started GET "/assets/application.self-b2afec0e64520da4786aedf569117b516635b08640df9978f62b2a38649aec9e.css?body=1&livereload=1634244613462" for ::1 at 2021-10-14 16:50:13 -0400
Started GET "/assets/application.self-b2afec0e64520da4786aedf569117b516635b08640df9978f62b2a38649aec9e.css?body=1&livereload=1634244613463" for ::1 at 2021-10-14 16:50:13 -0400
Started GET "/assets/application.self-b2afec0e64520da4786aedf569117b516635b08640df9978f62b2a38649aec9e.css?body=1&livereload=1634244652518" for ::1 at 2021-10-14 16:50:52 -0400
Started GET "/assets/application.self-b2afec0e64520da4786aedf569117b516635b08640df9978f62b2a38649aec9e.css?body=1&livereload=1634244652517" for ::1 at 2021-10-14 16:50:52 -0400
Started GET "/assets/application.self-b2afec0e64520da4786aedf569117b516635b08640df9978f62b2a38649aec9e.css?body=1&livereload=1634244668518" for ::1 at 2021-10-14 16:51:08 -0400
Started GET "/assets/application.self-b2afec0e64520da4786aedf569117b516635b08640df9978f62b2a38649aec9e.css?body=1&livereload=1634244668517" for ::1 at 2021-10-14 16:51:08 -0400
Started GET "/assets/application.self-b2afec0e64520da4786aedf569117b516635b08640df9978f62b2a38649aec9e.css?body=1&livereload=1634244671509" for ::1 at 2021-10-14 16:51:11 -0400
Started GET "/assets/application.self-b2afec0e64520da4786aedf569117b516635b08640df9978f62b2a38649aec9e.css?body=1&livereload=1634244671508" for ::1 at 2021-10-14 16:51:11 -0400
Started GET "/assets/application.self-b2afec0e64520da4786aedf569117b516635b08640df9978f62b2a38649aec9e.css?body=1&livereload=1634244673556" for ::1 at 2021-10-14 16:51:13 -0400
Started GET "/assets/application.self-b2afec0e64520da4786aedf569117b516635b08640df9978f62b2a38649aec9e.css?body=1&livereload=1634244673557" for ::1 at 2021-10-14 16:51:13 -0400
Started GET "/assets/application.self-b2afec0e64520da4786aedf569117b516635b08640df9978f62b2a38649aec9e.css?body=1&livereload=1634244680546" for ::1 at 2021-10-14 16:51:20 -0400
Started GET "/assets/application.self-b2afec0e64520da4786aedf569117b516635b08640df9978f62b2a38649aec9e.css?body=1&livereload=1634244680545" for ::1 at 2021-10-14 16:51:20 -0400
Started GET "/assets/application.self-b2afec0e64520da4786aedf569117b516635b08640df9978f62b2a38649aec9e.css?body=1&livereload=1634244682543" for ::1 at 2021-10-14 16:51:22 -0400
Started GET "/assets/application.self-b2afec0e64520da4786aedf569117b516635b08640df9978f62b2a38649aec9e.css?body=1&livereload=1634244682552" for ::1 at 2021-10-14 16:51:22 -0400
Started GET "/assets/application.self-b2afec0e64520da4786aedf569117b516635b08640df9978f62b2a38649aec9e.css?body=1&livereload=1634244684695" for ::1 at 2021-10-14 16:51:24 -0400
Started GET "/assets/application.self-b2afec0e64520da4786aedf569117b516635b08640df9978f62b2a38649aec9e.css?body=1&livereload=1634244684696" for ::1 at 2021-10-14 16:51:24 -0400
Started GET "/assets/application.self-b2afec0e64520da4786aedf569117b516635b08640df9978f62b2a38649aec9e.css?body=1&livereload=1634244697597" for ::1 at 2021-10-14 16:51:37 -0400
Started GET "/assets/application.self-b2afec0e64520da4786aedf569117b516635b08640df9978f62b2a38649aec9e.css?body=1&livereload=1634244697599" for ::1 at 2021-10-14 16:51:37 -0400
Started GET "/assets/application.self-b2afec0e64520da4786aedf569117b516635b08640df9978f62b2a38649aec9e.css?body=1&livereload=1634244711723" for ::1 at 2021-10-14 16:51:51 -0400
Started GET "/assets/application.self-b2afec0e64520da4786aedf569117b516635b08640df9978f62b2a38649aec9e.css?body=1&livereload=1634244711724" for ::1 at 2021-10-14 16:51:51 -0400
Started GET "/assets/application.self-b2afec0e64520da4786aedf569117b516635b08640df9978f62b2a38649aec9e.css?body=1&livereload=1634244712657" for ::1 at 2021-10-14 16:51:52 -0400
Started GET "/assets/application.self-b2afec0e64520da4786aedf569117b516635b08640df9978f62b2a38649aec9e.css?body=1&livereload=1634244712658" for ::1 at 2021-10-14 16:51:52 -0400
Started GET "/assets/application.self-b2afec0e64520da4786aedf569117b516635b08640df9978f62b2a38649aec9e.css?body=1&livereload=1634244714710" for ::1 at 2021-10-14 16:51:54 -0400
Started GET "/assets/application.self-b2afec0e64520da4786aedf569117b516635b08640df9978f62b2a38649aec9e.css?body=1&livereload=1634244714711" for ::1 at 2021-10-14 16:51:54 -0400
Started GET "/assets/application.self-b2afec0e64520da4786aedf569117b516635b08640df9978f62b2a38649aec9e.css?body=1&livereload=1634244734776" for ::1 at 2021-10-14 16:52:14 -0400
Started GET "/assets/application.self-b2afec0e64520da4786aedf569117b516635b08640df9978f62b2a38649aec9e.css?body=1&livereload=1634244734777" for ::1 at 2021-10-14 16:52:14 -0400
Started GET "/assets/application.self-b2afec0e64520da4786aedf569117b516635b08640df9978f62b2a38649aec9e.css?body=1&livereload=1634244737748" for ::1 at 2021-10-14 16:52:17 -0400
Started GET "/assets/application.self-b2afec0e64520da4786aedf569117b516635b08640df9978f62b2a38649aec9e.css?body=1&livereload=1634244737750" for ::1 at 2021-10-14 16:52:17 -0400
Started GET "/assets/application.self-b2afec0e64520da4786aedf569117b516635b08640df9978f62b2a38649aec9e.css?body=1&livereload=1634244741769" for ::1 at 2021-10-14 16:52:21 -0400
Started GET "/assets/application.self-b2afec0e64520da4786aedf569117b516635b08640df9978f62b2a38649aec9e.css?body=1&livereload=1634244741771" for ::1 at 2021-10-14 16:52:21 -0400
Started GET "/assets/application.self-b2afec0e64520da4786aedf569117b516635b08640df9978f62b2a38649aec9e.css?body=1&livereload=1634244823002" for ::1 at 2021-10-14 16:53:43 -0400
Started GET "/assets/application.self-b2afec0e64520da4786aedf569117b516635b08640df9978f62b2a38649aec9e.css?body=1&livereload=1634244823001" for ::1 at 2021-10-14 16:53:43 -0400
Started GET "/assets/application.self-b2afec0e64520da4786aedf569117b516635b08640df9978f62b2a38649aec9e.css?body=1&livereload=1634244837042" for ::1 at 2021-10-14 16:53:57 -0400
Started GET "/assets/application.self-b2afec0e64520da4786aedf569117b516635b08640df9978f62b2a38649aec9e.css?body=1&livereload=1634244837044" for ::1 at 2021-10-14 16:53:57 -0400
Started GET "/assets/application.self-b2afec0e64520da4786aedf569117b516635b08640df9978f62b2a38649aec9e.css?body=1&livereload=1634244840116" for ::1 at 2021-10-14 16:54:00 -0400
Started GET "/assets/application.self-b2afec0e64520da4786aedf569117b516635b08640df9978f62b2a38649aec9e.css?body=1&livereload=1634244840118" for ::1 at 2021-10-14 16:54:00 -0400
Started GET "/assets/application.self-b2afec0e64520da4786aedf569117b516635b08640df9978f62b2a38649aec9e.css?body=1&livereload=1634244843121" for ::1 at 2021-10-14 16:54:03 -0400
Started GET "/assets/application.self-b2afec0e64520da4786aedf569117b516635b08640df9978f62b2a38649aec9e.css?body=1&livereload=1634244843122" for ::1 at 2021-10-14 16:54:03 -0400
Started GET "/assets/application.self-b2afec0e64520da4786aedf569117b516635b08640df9978f62b2a38649aec9e.css?body=1&livereload=1634244900272" for ::1 at 2021-10-14 16:55:00 -0400
Started GET "/assets/application.self-b2afec0e64520da4786aedf569117b516635b08640df9978f62b2a38649aec9e.css?body=1&livereload=1634244900275" for ::1 at 2021-10-14 16:55:00 -0400
Started GET "/assets/application.self-b2afec0e64520da4786aedf569117b516635b08640df9978f62b2a38649aec9e.css?body=1&livereload=1634244909235" for ::1 at 2021-10-14 16:55:09 -0400
Started GET "/assets/application.self-b2afec0e64520da4786aedf569117b516635b08640df9978f62b2a38649aec9e.css?body=1&livereload=1634244909236" for ::1 at 2021-10-14 16:55:09 -0400
Started GET "/assets/application.self-b2afec0e64520da4786aedf569117b516635b08640df9978f62b2a38649aec9e.css?body=1&livereload=1634244912231" for ::1 at 2021-10-14 16:55:12 -0400
Started GET "/assets/application.self-b2afec0e64520da4786aedf569117b516635b08640df9978f62b2a38649aec9e.css?body=1&livereload=1634244912235" for ::1 at 2021-10-14 16:55:12 -0400
Started GET "/" for ::1 at 2021-10-14 16:55:42 -0400
Processing by StaticPagesController#index as HTML
  Rendering static_pages/index.html.erb within layouts/application
  Rendered shared/_main_nav.html.erb (0.5ms)
  Rendered shared/_masthead.html.erb (0.5ms)
  Rendered shared/_sections_nav.html.erb (0.4ms)
  Rendered shared/_search_modal.html.erb (0.4ms)
  Rendered shared/_main_content.html.erb (0.5ms)
  Rendered static_pages/index.html.erb within layouts/application (39.4ms)
Completed 200 OK in 111ms (Views: 101.5ms | ActiveRecord: 0.0ms)


Started GET "/assets/application.self-5fdd3cd6e32fc68bbf2b9c3368b7b1c70c59c2a791530f14071c3c6144b05ad5.css?body=1" for ::1 at 2021-10-14 16:55:42 -0400
Started GET "/assets/application.self-5fdd3cd6e32fc68bbf2b9c3368b7b1c70c59c2a791530f14071c3c6144b05ad5.css?body=1&livereload=1634245105819" for ::1 at 2021-10-14 16:58:25 -0400
Started GET "/assets/application.self-5fdd3cd6e32fc68bbf2b9c3368b7b1c70c59c2a791530f14071c3c6144b05ad5.css?body=1&livereload=1634245105821" for ::1 at 2021-10-14 16:58:25 -0400
Started GET "/assets/application.self-5fdd3cd6e32fc68bbf2b9c3368b7b1c70c59c2a791530f14071c3c6144b05ad5.css?body=1&livereload=1634245117843" for ::1 at 2021-10-14 16:58:37 -0400
Started GET "/assets/application.self-5fdd3cd6e32fc68bbf2b9c3368b7b1c70c59c2a791530f14071c3c6144b05ad5.css?body=1&livereload=1634245117842" for ::1 at 2021-10-14 16:58:37 -0400
Started GET "/assets/application.self-5fdd3cd6e32fc68bbf2b9c3368b7b1c70c59c2a791530f14071c3c6144b05ad5.css?body=1&livereload=1634245120916" for ::1 at 2021-10-14 16:58:40 -0400
Started GET "/assets/application.self-5fdd3cd6e32fc68bbf2b9c3368b7b1c70c59c2a791530f14071c3c6144b05ad5.css?body=1&livereload=1634245120918" for ::1 at 2021-10-14 16:58:40 -0400
Started GET "/assets/application.self-5fdd3cd6e32fc68bbf2b9c3368b7b1c70c59c2a791530f14071c3c6144b05ad5.css?body=1&livereload=1634245123918" for ::1 at 2021-10-14 16:58:43 -0400
Started GET "/assets/application.self-5fdd3cd6e32fc68bbf2b9c3368b7b1c70c59c2a791530f14071c3c6144b05ad5.css?body=1&livereload=1634245123919" for ::1 at 2021-10-14 16:58:43 -0400
Started GET "/assets/application.self-5fdd3cd6e32fc68bbf2b9c3368b7b1c70c59c2a791530f14071c3c6144b05ad5.css?body=1&livereload=1634245126906" for ::1 at 2021-10-14 16:58:46 -0400
Started GET "/assets/application.self-5fdd3cd6e32fc68bbf2b9c3368b7b1c70c59c2a791530f14071c3c6144b05ad5.css?body=1&livereload=1634245126908" for ::1 at 2021-10-14 16:58:46 -0400
Started GET "/assets/application.self-5fdd3cd6e32fc68bbf2b9c3368b7b1c70c59c2a791530f14071c3c6144b05ad5.css?body=1&livereload=1634245128868" for ::1 at 2021-10-14 16:58:48 -0400
Started GET "/assets/application.self-5fdd3cd6e32fc68bbf2b9c3368b7b1c70c59c2a791530f14071c3c6144b05ad5.css?body=1&livereload=1634245128870" for ::1 at 2021-10-14 16:58:48 -0400
Started GET "/assets/application.self-5fdd3cd6e32fc68bbf2b9c3368b7b1c70c59c2a791530f14071c3c6144b05ad5.css?body=1&livereload=1634245131948" for ::1 at 2021-10-14 16:58:51 -0400
Started GET "/assets/application.self-5fdd3cd6e32fc68bbf2b9c3368b7b1c70c59c2a791530f14071c3c6144b05ad5.css?body=1&livereload=1634245131950" for ::1 at 2021-10-14 16:58:51 -0400
Started GET "/assets/application.self-5fdd3cd6e32fc68bbf2b9c3368b7b1c70c59c2a791530f14071c3c6144b05ad5.css?body=1&livereload=1634245135969" for ::1 at 2021-10-14 16:58:55 -0400
Started GET "/assets/application.self-5fdd3cd6e32fc68bbf2b9c3368b7b1c70c59c2a791530f14071c3c6144b05ad5.css?body=1&livereload=1634245135971" for ::1 at 2021-10-14 16:58:55 -0400
Started GET "/assets/application.self-5fdd3cd6e32fc68bbf2b9c3368b7b1c70c59c2a791530f14071c3c6144b05ad5.css?body=1&livereload=1634245139910" for ::1 at 2021-10-14 16:58:59 -0400
Started GET "/assets/application.self-5fdd3cd6e32fc68bbf2b9c3368b7b1c70c59c2a791530f14071c3c6144b05ad5.css?body=1&livereload=1634245139912" for ::1 at 2021-10-14 16:58:59 -0400
Started GET "/assets/application.self-5fdd3cd6e32fc68bbf2b9c3368b7b1c70c59c2a791530f14071c3c6144b05ad5.css?body=1&livereload=1634245142974" for ::1 at 2021-10-14 16:59:02 -0400
Started GET "/assets/application.self-5fdd3cd6e32fc68bbf2b9c3368b7b1c70c59c2a791530f14071c3c6144b05ad5.css?body=1&livereload=1634245142976" for ::1 at 2021-10-14 16:59:02 -0400
Started GET "/assets/application.self-5fdd3cd6e32fc68bbf2b9c3368b7b1c70c59c2a791530f14071c3c6144b05ad5.css?body=1&livereload=1634245148940" for ::1 at 2021-10-14 16:59:08 -0400
Started GET "/assets/application.self-5fdd3cd6e32fc68bbf2b9c3368b7b1c70c59c2a791530f14071c3c6144b05ad5.css?body=1&livereload=1634245148941" for ::1 at 2021-10-14 16:59:08 -0400
Started GET "/assets/application.self-5fdd3cd6e32fc68bbf2b9c3368b7b1c70c59c2a791530f14071c3c6144b05ad5.css?body=1&livereload=1634245151009" for ::1 at 2021-10-14 16:59:11 -0400
Started GET "/assets/application.self-5fdd3cd6e32fc68bbf2b9c3368b7b1c70c59c2a791530f14071c3c6144b05ad5.css?body=1&livereload=1634245151011" for ::1 at 2021-10-14 16:59:11 -0400
Started GET "/assets/application.self-5fdd3cd6e32fc68bbf2b9c3368b7b1c70c59c2a791530f14071c3c6144b05ad5.css?body=1&livereload=1634245154016" for ::1 at 2021-10-14 16:59:14 -0400
Started GET "/assets/application.self-5fdd3cd6e32fc68bbf2b9c3368b7b1c70c59c2a791530f14071c3c6144b05ad5.css?body=1&livereload=1634245154017" for ::1 at 2021-10-14 16:59:14 -0400
Started GET "/assets/application.self-5fdd3cd6e32fc68bbf2b9c3368b7b1c70c59c2a791530f14071c3c6144b05ad5.css?body=1&livereload=1634245158067" for ::1 at 2021-10-14 16:59:18 -0400
Started GET "/assets/application.self-5fdd3cd6e32fc68bbf2b9c3368b7b1c70c59c2a791530f14071c3c6144b05ad5.css?body=1&livereload=1634245158068" for ::1 at 2021-10-14 16:59:18 -0400
Started GET "/assets/application.self-5fdd3cd6e32fc68bbf2b9c3368b7b1c70c59c2a791530f14071c3c6144b05ad5.css?body=1&livereload=1634245162059" for ::1 at 2021-10-14 16:59:22 -0400
Started GET "/assets/application.self-5fdd3cd6e32fc68bbf2b9c3368b7b1c70c59c2a791530f14071c3c6144b05ad5.css?body=1&livereload=1634245162060" for ::1 at 2021-10-14 16:59:22 -0400
Started GET "/assets/application.self-5fdd3cd6e32fc68bbf2b9c3368b7b1c70c59c2a791530f14071c3c6144b05ad5.css?body=1&livereload=1634245164128" for ::1 at 2021-10-14 16:59:24 -0400
Started GET "/assets/application.self-5fdd3cd6e32fc68bbf2b9c3368b7b1c70c59c2a791530f14071c3c6144b05ad5.css?body=1&livereload=1634245164130" for ::1 at 2021-10-14 16:59:24 -0400
Started GET "/assets/application.self-5fdd3cd6e32fc68bbf2b9c3368b7b1c70c59c2a791530f14071c3c6144b05ad5.css?body=1&livereload=1634245213151" for ::1 at 2021-10-14 17:00:13 -0400
Started GET "/assets/application.self-5fdd3cd6e32fc68bbf2b9c3368b7b1c70c59c2a791530f14071c3c6144b05ad5.css?body=1&livereload=1634245213150" for ::1 at 2021-10-14 17:00:13 -0400
Started GET "/" for ::1 at 2021-10-14 17:03:30 -0400
Processing by StaticPagesController#index as HTML
  Rendering static_pages/index.html.erb within layouts/application
  Rendered shared/_main_nav.html.erb (0.4ms)
  Rendered shared/_masthead.html.erb (0.6ms)
  Rendered shared/_sections_nav.html.erb (0.4ms)
  Rendered shared/_search_modal.html.erb (0.3ms)
  Rendered shared/_main_content.html.erb (0.3ms)
  Rendered static_pages/index.html.erb within layouts/application (29.3ms)
Completed 200 OK in 97ms (Views: 88.8ms | ActiveRecord: 0.0ms)


Started GET "/assets/application.self-e524af920424654cc5e54bb5cb424fb70420e7367cd81f088bf7e54229940271.css?body=1" for ::1 at 2021-10-14 17:03:31 -0400
Started GET "/" for ::1 at 2021-10-14 17:03:40 -0400
Started GET "/" for ::1 at 2021-10-14 17:03:40 -0400
Processing by StaticPagesController#index as HTML
Processing by StaticPagesController#index as HTML
  Rendering static_pages/index.html.erb within layouts/application
  Rendered shared/_main_nav.html.erb (0.5ms)
  Rendered shared/_masthead.html.erb (0.5ms)
  Rendering static_pages/index.html.erb within layouts/application
  Rendered shared/_sections_nav.html.erb (0.3ms)
  Rendered shared/_search_modal.html.erb (0.6ms)
  Rendered shared/_main_content.html.erb (0.6ms)
  Rendered static_pages/index.html.erb within layouts/application (35.1ms)
  Rendered shared/_main_nav.html.erb (0.1ms)
  Rendered shared/_masthead.html.erb (0.2ms)
  Rendered shared/_sections_nav.html.erb (0.2ms)
  Rendered shared/_search_modal.html.erb (0.1ms)
  Rendered shared/_main_content.html.erb (0.0ms)
  Rendered static_pages/index.html.erb within layouts/application (87.1ms)
Completed 200 OK in 159ms (Views: 154.9ms | ActiveRecord: 0.0ms)


Completed 200 OK in 150ms (Views: 143.3ms | ActiveRecord: 0.0ms)


Started GET "/" for ::1 at 2021-10-14 17:03:46 -0400
Processing by StaticPagesController#index as HTML
  Rendering static_pages/index.html.erb within layouts/application
  Rendered shared/_main_nav.html.erb (0.4ms)
  Rendered shared/_masthead.html.erb (0.5ms)
  Rendered shared/_sections_nav.html.erb (0.4ms)
  Rendered shared/_search_modal.html.erb (0.4ms)
  Rendered shared/_main_content.html.erb (0.3ms)
  Rendered static_pages/index.html.erb within layouts/application (38.8ms)
Completed 200 OK in 126ms (Views: 119.7ms | ActiveRecord: 0.0ms)


Started GET "/" for ::1 at 2021-10-14 17:03:47 -0400
Started GET "/" for ::1 at 2021-10-14 17:03:47 -0400
Processing by StaticPagesController#index as HTML
Processing by StaticPagesController#index as HTML
  Rendering static_pages/index.html.erb within layouts/application
  Rendered shared/_main_nav.html.erb (0.4ms)
  Rendered shared/_masthead.html.erb (0.3ms)
  Rendering static_pages/index.html.erb within layouts/application
  Rendered shared/_main_nav.html.erb (0.1ms)
  Rendered shared/_sections_nav.html.erb (0.5ms)
  Rendered shared/_search_modal.html.erb (0.3ms)
  Rendered shared/_main_content.html.erb (0.3ms)
  Rendered static_pages/index.html.erb within layouts/application (51.0ms)
  Rendered shared/_masthead.html.erb (0.0ms)
  Rendered shared/_sections_nav.html.erb (0.1ms)
  Rendered shared/_search_modal.html.erb (0.1ms)
  Rendered shared/_main_content.html.erb (0.0ms)
  Rendered static_pages/index.html.erb within layouts/application (77.1ms)
Completed 200 OK in 154ms (Views: 150.7ms | ActiveRecord: 0.0ms)


Completed 200 OK in 144ms (Views: 139.0ms | ActiveRecord: 0.0ms)


Started GET "/" for ::1 at 2021-10-14 17:03:51 -0400
Processing by StaticPagesController#index as HTML
  Rendering static_pages/index.html.erb within layouts/application
  Rendered shared/_main_nav.html.erb (0.4ms)
  Rendered shared/_masthead.html.erb (0.6ms)
  Rendered shared/_sections_nav.html.erb (0.3ms)
  Rendered shared/_search_modal.html.erb (0.4ms)
  Rendered shared/_main_content.html.erb (0.5ms)
  Rendered static_pages/index.html.erb within layouts/application (77.3ms)
Completed 200 OK in 151ms (Views: 138.3ms | ActiveRecord: 0.0ms)


Started GET "/" for ::1 at 2021-10-14 17:03:53 -0400
Started GET "/" for ::1 at 2021-10-14 17:03:53 -0400
Processing by StaticPagesController#index as HTML
  Rendering static_pages/index.html.erb within layouts/application
Processing by StaticPagesController#index as HTML
  Rendered shared/_main_nav.html.erb (0.5ms)
  Rendering static_pages/index.html.erb within layouts/application
  Rendered shared/_masthead.html.erb (0.5ms)
  Rendered shared/_main_nav.html.erb (0.1ms)
  Rendered shared/_sections_nav.html.erb (0.7ms)
  Rendered shared/_masthead.html.erb (0.0ms)
  Rendered shared/_search_modal.html.erb (0.3ms)
  Rendered shared/_sections_nav.html.erb (0.1ms)
  Rendered shared/_main_content.html.erb (0.3ms)
  Rendered static_pages/index.html.erb within layouts/application (70.0ms)
  Rendered shared/_search_modal.html.erb (0.1ms)
  Rendered shared/_main_content.html.erb (0.1ms)
  Rendered static_pages/index.html.erb within layouts/application (50.6ms)
Completed 200 OK in 110ms (Views: 104.5ms | ActiveRecord: 0.0ms)


Completed 200 OK in 145ms (Views: 139.8ms | ActiveRecord: 0.0ms)


Started GET "/" for ::1 at 2021-10-14 17:03:56 -0400
Started GET "/" for ::1 at 2021-10-14 17:03:56 -0400
Processing by StaticPagesController#index as HTML
Processing by StaticPagesController#index as HTML
  Rendering static_pages/index.html.erb within layouts/application
  Rendered shared/_main_nav.html.erb (0.6ms)
  Rendering static_pages/index.html.erb within layouts/application
  Rendered shared/_main_nav.html.erb (0.1ms)
  Rendered shared/_masthead.html.erb (0.0ms)
  Rendered shared/_masthead.html.erb (0.6ms)
  Rendered shared/_sections_nav.html.erb (0.5ms)
  Rendered shared/_sections_nav.html.erb (0.1ms)
  Rendered shared/_search_modal.html.erb (0.1ms)
  Rendered shared/_search_modal.html.erb (0.4ms)
  Rendered shared/_main_content.html.erb (0.3ms)
  Rendered static_pages/index.html.erb within layouts/application (86.7ms)
  Rendered shared/_main_content.html.erb (0.1ms)
  Rendered static_pages/index.html.erb within layouts/application (72.1ms)
Completed 200 OK in 189ms (Views: 178.4ms | ActiveRecord: 0.0ms)


Completed 200 OK in 172ms (Views: 165.0ms | ActiveRecord: 0.0ms)


Started GET "/" for ::1 at 2021-10-14 17:04:09 -0400
Processing by StaticPagesController#index as HTML
Started GET "/" for ::1 at 2021-10-14 17:04:09 -0400
  Rendering static_pages/index.html.erb within layouts/application
Processing by StaticPagesController#index as HTML
  Rendered shared/_main_nav.html.erb (0.4ms)
  Rendered shared/_masthead.html.erb (0.3ms)
  Rendered shared/_sections_nav.html.erb (0.5ms)
  Rendered shared/_search_modal.html.erb (0.4ms)
  Rendering static_pages/index.html.erb within layouts/application
  Rendered shared/_main_content.html.erb (0.5ms)
  Rendered static_pages/index.html.erb within layouts/application (65.8ms)
  Rendered shared/_main_nav.html.erb (0.4ms)
  Rendered shared/_masthead.html.erb (1.2ms)
  Rendered shared/_sections_nav.html.erb (0.3ms)
  Rendered shared/_search_modal.html.erb (0.4ms)
  Rendered shared/_main_content.html.erb (0.3ms)
  Rendered static_pages/index.html.erb within layouts/application (38.7ms)
Completed 200 OK in 157ms (Views: 144.8ms | ActiveRecord: 0.0ms)


Completed 200 OK in 118ms (Views: 104.3ms | ActiveRecord: 0.0ms)


Started GET "/" for ::1 at 2021-10-14 17:04:17 -0400
Started GET "/" for ::1 at 2021-10-14 17:04:17 -0400
Processing by StaticPagesController#index as HTML
  Rendering static_pages/index.html.erb within layouts/application
  Rendered shared/_main_nav.html.erb (0.4ms)
  Rendered shared/_masthead.html.erb (0.4ms)
  Rendered shared/_sections_nav.html.erb (1.1ms)
  Rendered shared/_search_modal.html.erb (0.4ms)
  Rendered shared/_main_content.html.erb (0.3ms)
  Rendered static_pages/index.html.erb within layouts/application (37.8ms)
Processing by StaticPagesController#index as HTML
  Rendering static_pages/index.html.erb within layouts/application
  Rendered shared/_main_nav.html.erb (0.0ms)
  Rendered shared/_masthead.html.erb (0.1ms)
  Rendered shared/_sections_nav.html.erb (0.1ms)
  Rendered shared/_search_modal.html.erb (0.1ms)
  Rendered shared/_main_content.html.erb (0.1ms)
  Rendered static_pages/index.html.erb within layouts/application (36.7ms)
Completed 200 OK in 185ms (Views: 177.6ms | ActiveRecord: 0.0ms)


Completed 200 OK in 127ms (Views: 111.2ms | ActiveRecord: 0.0ms)


Started GET "/" for ::1 at 2021-10-14 17:04:19 -0400
Started GET "/" for ::1 at 2021-10-14 17:04:19 -0400
Processing by StaticPagesController#index as HTML
  Rendering static_pages/index.html.erb within layouts/application
  Rendered shared/_main_nav.html.erb (0.5ms)
  Rendered shared/_masthead.html.erb (0.3ms)
  Rendered shared/_sections_nav.html.erb (0.5ms)
  Rendered shared/_search_modal.html.erb (0.5ms)
  Rendered shared/_main_content.html.erb (0.4ms)
  Rendered static_pages/index.html.erb within layouts/application (36.1ms)
Processing by StaticPagesController#index as HTML
  Rendering static_pages/index.html.erb within layouts/application
  Rendered shared/_main_nav.html.erb (0.0ms)
  Rendered shared/_masthead.html.erb (0.1ms)
  Rendered shared/_sections_nav.html.erb (0.0ms)
  Rendered shared/_search_modal.html.erb (0.0ms)
  Rendered shared/_main_content.html.erb (0.2ms)
  Rendered static_pages/index.html.erb within layouts/application (48.5ms)
Completed 200 OK in 174ms (Views: 161.1ms | ActiveRecord: 0.0ms)


Completed 200 OK in 118ms (Views: 108.4ms | ActiveRecord: 0.0ms)


Started GET "/" for ::1 at 2021-10-14 17:04:52 -0400
Processing by StaticPagesController#index as HTML
  Rendering static_pages/index.html.erb within layouts/application
  Rendered shared/_main_nav.html.erb (0.4ms)
  Rendered shared/_masthead.html.erb (0.5ms)
  Rendered shared/_sections_nav.html.erb (0.3ms)
  Rendered shared/_search_modal.html.erb (0.3ms)
  Rendered shared/_main_content.html.erb (0.5ms)
  Rendered static_pages/index.html.erb within layouts/application (35.5ms)
Completed 200 OK in 94ms (Views: 82.4ms | ActiveRecord: 0.0ms)


Started GET "/" for ::1 at 2021-10-14 17:04:56 -0400
Started GET "/" for ::1 at 2021-10-14 17:04:56 -0400
Processing by StaticPagesController#index as HTML
  Rendering static_pages/index.html.erb within layouts/application
Processing by StaticPagesController#index as HTML
  Rendered shared/_main_nav.html.erb (0.4ms)
  Rendered shared/_masthead.html.erb (0.3ms)
  Rendering static_pages/index.html.erb within layouts/application
  Rendered shared/_sections_nav.html.erb (0.3ms)
  Rendered shared/_main_nav.html.erb (0.1ms)
  Rendered shared/_search_modal.html.erb (0.3ms)
  Rendered shared/_masthead.html.erb (0.0ms)
  Rendered shared/_main_content.html.erb (0.4ms)
  Rendered static_pages/index.html.erb within layouts/application (55.2ms)
  Rendered shared/_sections_nav.html.erb (0.0ms)
  Rendered shared/_search_modal.html.erb (0.1ms)
  Rendered shared/_main_content.html.erb (0.1ms)
  Rendered static_pages/index.html.erb within layouts/application (34.5ms)
Completed 200 OK in 84ms (Views: 74.8ms | ActiveRecord: 0.0ms)


Completed 200 OK in 118ms (Views: 113.5ms | ActiveRecord: 0.0ms)


Started GET "/" for ::1 at 2021-10-14 17:04:58 -0400
Processing by StaticPagesController#index as HTML
  Rendering static_pages/index.html.erb within layouts/application
  Rendered shared/_main_nav.html.erb (0.3ms)
  Rendered shared/_masthead.html.erb (0.4ms)
  Rendered shared/_sections_nav.html.erb (0.7ms)
  Rendered shared/_search_modal.html.erb (0.5ms)
  Rendered shared/_main_content.html.erb (0.3ms)
  Rendered static_pages/index.html.erb within layouts/application (40.5ms)
Completed 200 OK in 94ms (Views: 86.3ms | ActiveRecord: 0.0ms)


Started GET "/" for ::1 at 2021-10-14 17:05:17 -0400
Processing by StaticPagesController#index as HTML
Started GET "/" for ::1 at 2021-10-14 17:05:17 -0400
  Rendering static_pages/index.html.erb within layouts/application
  Rendered shared/_main_nav.html.erb (0.3ms)
  Rendered shared/_masthead.html.erb (0.4ms)
  Rendered shared/_sections_nav.html.erb (0.5ms)
Processing by StaticPagesController#index as HTML
  Rendered shared/_search_modal.html.erb (0.5ms)
  Rendering static_pages/index.html.erb within layouts/application
  Rendered shared/_main_nav.html.erb (0.5ms)
  Rendered shared/_main_content.html.erb (0.5ms)
  Rendered static_pages/index.html.erb within layouts/application (85.1ms)
  Rendered shared/_masthead.html.erb (0.4ms)
  Rendered shared/_sections_nav.html.erb (0.3ms)
  Rendered shared/_search_modal.html.erb (0.5ms)
  Rendered shared/_main_content.html.erb (0.6ms)
  Rendered static_pages/index.html.erb within layouts/application (36.2ms)
Completed 200 OK in 172ms (Views: 162.2ms | ActiveRecord: 0.0ms)


Completed 200 OK in 106ms (Views: 100.5ms | ActiveRecord: 0.0ms)


Started GET "/" for ::1 at 2021-10-14 17:05:21 -0400
Processing by StaticPagesController#index as HTML
  Rendering static_pages/index.html.erb within layouts/application
  Rendered shared/_main_nav.html.erb (0.3ms)
  Rendered shared/_masthead.html.erb (0.4ms)
  Rendered shared/_sections_nav.html.erb (0.5ms)
  Rendered shared/_search_modal.html.erb (0.4ms)
  Rendered shared/_main_content.html.erb (0.4ms)
  Rendered static_pages/index.html.erb within layouts/application (36.0ms)
Completed 200 OK in 101ms (Views: 93.9ms | ActiveRecord: 0.0ms)


Started GET "/" for ::1 at 2021-10-14 17:05:23 -0400
Processing by StaticPagesController#index as HTML
  Rendering static_pages/index.html.erb within layouts/application
  Rendered shared/_main_nav.html.erb (0.5ms)
  Rendered shared/_masthead.html.erb (1.2ms)
  Rendered shared/_sections_nav.html.erb (0.3ms)
  Rendered shared/_search_modal.html.erb (0.4ms)
  Rendered shared/_main_content.html.erb (0.4ms)
  Rendered static_pages/index.html.erb within layouts/application (38.9ms)
Completed 200 OK in 124ms (Views: 111.0ms | ActiveRecord: 0.0ms)


Started GET "/" for ::1 at 2021-10-14 17:05:32 -0400
Started GET "/" for ::1 at 2021-10-14 17:05:32 -0400
Processing by StaticPagesController#index as HTML
Processing by StaticPagesController#index as HTML
  Rendering static_pages/index.html.erb within layouts/application
  Rendering static_pages/index.html.erb within layouts/application
  Rendered shared/_main_nav.html.erb (0.5ms)
  Rendered shared/_main_nav.html.erb (0.0ms)
  Rendered shared/_masthead.html.erb (0.4ms)
  Rendered shared/_masthead.html.erb (0.0ms)
  Rendered shared/_sections_nav.html.erb (0.3ms)
  Rendered shared/_search_modal.html.erb (0.3ms)
  Rendered shared/_sections_nav.html.erb (0.1ms)
  Rendered shared/_main_content.html.erb (0.5ms)
  Rendered static_pages/index.html.erb within layouts/application (40.0ms)
  Rendered shared/_search_modal.html.erb (0.0ms)
  Rendered shared/_main_content.html.erb (0.0ms)
  Rendered static_pages/index.html.erb within layouts/application (42.7ms)
Completed 200 OK in 106ms (Views: 91.2ms | ActiveRecord: 0.0ms)


Completed 200 OK in 104ms (Views: 100.5ms | ActiveRecord: 0.0ms)


Started GET "/" for ::1 at 2021-10-14 17:05:35 -0400
Processing by StaticPagesController#index as HTML
Started GET "/" for ::1 at 2021-10-14 17:05:35 -0400
  Rendering static_pages/index.html.erb within layouts/application
  Rendered shared/_main_nav.html.erb (0.4ms)
Processing by StaticPagesController#index as HTML
  Rendered shared/_masthead.html.erb (0.3ms)
  Rendering static_pages/index.html.erb within layouts/application
  Rendered shared/_main_nav.html.erb (0.4ms)
  Rendered shared/_sections_nav.html.erb (0.3ms)
  Rendered shared/_masthead.html.erb (0.3ms)
  Rendered shared/_search_modal.html.erb (0.4ms)
  Rendered shared/_sections_nav.html.erb (0.4ms)
  Rendered shared/_search_modal.html.erb (0.8ms)
  Rendered shared/_main_content.html.erb (0.5ms)
  Rendered shared/_main_content.html.erb (0.4ms)
  Rendered static_pages/index.html.erb within layouts/application (123.9ms)
  Rendered static_pages/index.html.erb within layouts/application (69.2ms)
Completed 200 OK in 156ms (Views: 151.0ms | ActiveRecord: 0.0ms)


Completed 200 OK in 410ms (Views: 401.9ms | ActiveRecord: 0.0ms)


Started GET "/" for ::1 at 2021-10-14 17:06:48 -0400
Started GET "/" for ::1 at 2021-10-14 17:06:48 -0400
Processing by StaticPagesController#index as HTML
Processing by StaticPagesController#index as HTML
  Rendering static_pages/index.html.erb within layouts/application
  Rendered shared/_main_nav.html.erb (1.1ms)
  Rendering static_pages/index.html.erb within layouts/application
  Rendered shared/_main_nav.html.erb (0.1ms)
  Rendered shared/_masthead.html.erb (0.9ms)
  Rendered shared/_masthead.html.erb (0.0ms)
  Rendered shared/_sections_nav.html.erb (0.0ms)
  Rendered shared/_sections_nav.html.erb (0.4ms)
  Rendered shared/_search_modal.html.erb (0.4ms)
  Rendered shared/_main_content.html.erb (0.4ms)
  Rendered static_pages/index.html.erb within layouts/application (57.6ms)
  Rendered shared/_search_modal.html.erb (0.1ms)
  Rendered shared/_main_content.html.erb (0.1ms)
  Rendered static_pages/index.html.erb within layouts/application (101.8ms)
Completed 200 OK in 192ms (Views: 177.3ms | ActiveRecord: 0.0ms)


Completed 200 OK in 197ms (Views: 185.1ms | ActiveRecord: 0.0ms)


Started GET "/" for ::1 at 2021-10-14 17:06:50 -0400
Processing by StaticPagesController#index as HTML
  Rendering static_pages/index.html.erb within layouts/application
  Rendered shared/_main_nav.html.erb (0.7ms)
  Rendered shared/_masthead.html.erb (0.3ms)
  Rendered shared/_sections_nav.html.erb (0.4ms)
  Rendered shared/_search_modal.html.erb (0.4ms)
  Rendered shared/_main_content.html.erb (0.3ms)
  Rendered static_pages/index.html.erb within layouts/application (30.3ms)
Completed 200 OK in 71ms (Views: 65.7ms | ActiveRecord: 0.0ms)


Started GET "/" for ::1 at 2021-10-14 17:06:52 -0400
Processing by StaticPagesController#index as HTML
  Rendering static_pages/index.html.erb within layouts/application
  Rendered shared/_main_nav.html.erb (0.8ms)
  Rendered shared/_masthead.html.erb (0.4ms)
  Rendered shared/_sections_nav.html.erb (0.4ms)
  Rendered shared/_search_modal.html.erb (0.4ms)
  Rendered shared/_main_content.html.erb (0.4ms)
  Rendered static_pages/index.html.erb within layouts/application (25.3ms)
Completed 200 OK in 70ms (Views: 65.7ms | ActiveRecord: 0.0ms)


Started GET "/" for ::1 at 2021-10-14 17:07:09 -0400
Processing by StaticPagesController#index as HTML
  Rendering static_pages/index.html.erb within layouts/application
  Rendered shared/_main_nav.html.erb (0.5ms)
  Rendered shared/_masthead.html.erb (0.4ms)
  Rendered shared/_sections_nav.html.erb (0.3ms)
  Rendered shared/_search_modal.html.erb (0.5ms)
  Rendered shared/_main_content.html.erb (0.4ms)
  Rendered static_pages/index.html.erb within layouts/application (44.5ms)
Completed 200 OK in 94ms (Views: 87.4ms | ActiveRecord: 0.0ms)


Started GET "/" for ::1 at 2021-10-14 17:07:11 -0400
Started GET "/" for ::1 at 2021-10-14 17:07:11 -0400
Processing by StaticPagesController#index as HTML
Processing by StaticPagesController#index as HTML
  Rendering static_pages/index.html.erb within layouts/application
  Rendering static_pages/index.html.erb within layouts/application
  Rendered shared/_main_nav.html.erb (0.4ms)
  Rendered shared/_main_nav.html.erb (0.1ms)
  Rendered shared/_masthead.html.erb (0.5ms)
  Rendered shared/_masthead.html.erb (0.1ms)
  Rendered shared/_sections_nav.html.erb (0.5ms)
  Rendered shared/_sections_nav.html.erb (0.1ms)
  Rendered shared/_search_modal.html.erb (0.5ms)
  Rendered shared/_search_modal.html.erb (0.1ms)
  Rendered shared/_main_content.html.erb (0.1ms)
  Rendered static_pages/index.html.erb within layouts/application (71.7ms)
  Rendered shared/_main_content.html.erb (2.6ms)
  Rendered static_pages/index.html.erb within layouts/application (93.0ms)
Completed 200 OK in 180ms (Views: 157.4ms | ActiveRecord: 0.0ms)


Completed 200 OK in 220ms (Views: 213.3ms | ActiveRecord: 0.0ms)


Started GET "/" for ::1 at 2021-10-14 17:07:13 -0400
Processing by StaticPagesController#index as HTML
Started GET "/" for ::1 at 2021-10-14 17:07:13 -0400
  Rendering static_pages/index.html.erb within layouts/application
  Rendered shared/_main_nav.html.erb (0.6ms)
  Rendered shared/_masthead.html.erb (0.4ms)
  Rendered shared/_sections_nav.html.erb (0.5ms)
  Rendered shared/_search_modal.html.erb (0.6ms)
Processing by StaticPagesController#index as HTML
  Rendered shared/_main_content.html.erb (0.5ms)
  Rendered static_pages/index.html.erb within layouts/application (41.5ms)
  Rendering static_pages/index.html.erb within layouts/application
  Rendered shared/_main_nav.html.erb (0.1ms)
  Rendered shared/_masthead.html.erb (0.1ms)
  Rendered shared/_sections_nav.html.erb (0.0ms)
  Rendered shared/_search_modal.html.erb (0.1ms)
  Rendered shared/_main_content.html.erb (0.1ms)
  Rendered static_pages/index.html.erb within layouts/application (31.3ms)
Completed 200 OK in 167ms (Views: 161.9ms | ActiveRecord: 0.0ms)


Completed 200 OK in 135ms (Views: 127.2ms | ActiveRecord: 0.0ms)


Started GET "/" for ::1 at 2021-10-14 17:08:01 -0400
Started GET "/" for ::1 at 2021-10-14 17:08:01 -0400
Processing by StaticPagesController#index as HTML
  Rendering static_pages/index.html.erb within layouts/application
  Rendered shared/_main_nav.html.erb (0.5ms)
  Rendered shared/_masthead.html.erb (0.7ms)
  Rendered shared/_sections_nav.html.erb (1.3ms)
Processing by StaticPagesController#index as HTML
  Rendered shared/_search_modal.html.erb (0.5ms)
  Rendered shared/_main_content.html.erb (0.5ms)
  Rendered static_pages/index.html.erb within layouts/application (60.5ms)
  Rendering static_pages/index.html.erb within layouts/application
  Rendered shared/_main_nav.html.erb (0.0ms)
  Rendered shared/_masthead.html.erb (0.0ms)
  Rendered shared/_sections_nav.html.erb (0.1ms)
  Rendered shared/_search_modal.html.erb (0.0ms)
  Rendered shared/_main_content.html.erb (0.1ms)
  Rendered static_pages/index.html.erb within layouts/application (33.4ms)
Completed 200 OK in 113ms (Views: 102.0ms | ActiveRecord: 0.0ms)


Completed 200 OK in 173ms (Views: 162.9ms | ActiveRecord: 0.0ms)


Started GET "/" for ::1 at 2021-10-14 17:08:03 -0400
Processing by StaticPagesController#index as HTML
  Rendering static_pages/index.html.erb within layouts/application
  Rendered shared/_main_nav.html.erb (0.7ms)
  Rendered shared/_masthead.html.erb (0.3ms)
Started GET "/" for ::1 at 2021-10-14 17:08:03 -0400
  Rendered shared/_sections_nav.html.erb (0.6ms)
Processing by StaticPagesController#index as HTML
  Rendered shared/_search_modal.html.erb (0.3ms)
  Rendering static_pages/index.html.erb within layouts/application
  Rendered shared/_main_nav.html.erb (0.4ms)
  Rendered shared/_main_content.html.erb (0.3ms)
  Rendered shared/_masthead.html.erb (0.2ms)
  Rendered static_pages/index.html.erb within layouts/application (88.2ms)
  Rendered shared/_sections_nav.html.erb (0.4ms)
  Rendered shared/_search_modal.html.erb (0.5ms)
  Rendered shared/_main_content.html.erb (0.3ms)
  Rendered static_pages/index.html.erb within layouts/application (39.4ms)
Completed 200 OK in 91ms (Views: 85.8ms | ActiveRecord: 0.0ms)


Completed 200 OK in 276ms (Views: 268.6ms | ActiveRecord: 0.0ms)


Started GET "/" for ::1 at 2021-10-14 17:08:08 -0400
Processing by StaticPagesController#index as HTML
Started GET "/" for ::1 at 2021-10-14 17:08:08 -0400
  Rendering static_pages/index.html.erb within layouts/application
  Rendered shared/_main_nav.html.erb (0.4ms)
  Rendered shared/_masthead.html.erb (0.4ms)
Processing by StaticPagesController#index as HTML
  Rendered shared/_sections_nav.html.erb (0.2ms)
  Rendered shared/_search_modal.html.erb (0.4ms)
  Rendering static_pages/index.html.erb within layouts/application
  Rendered shared/_main_nav.html.erb (0.0ms)
  Rendered shared/_main_content.html.erb (0.4ms)
  Rendered static_pages/index.html.erb within layouts/application (67.6ms)
  Rendered shared/_masthead.html.erb (0.0ms)
  Rendered shared/_sections_nav.html.erb (0.0ms)
  Rendered shared/_search_modal.html.erb (0.0ms)
  Rendered shared/_main_content.html.erb (0.1ms)
  Rendered static_pages/index.html.erb within layouts/application (36.7ms)
Completed 200 OK in 158ms (Views: 146.8ms | ActiveRecord: 0.0ms)


Completed 200 OK in 131ms (Views: 120.7ms | ActiveRecord: 0.0ms)


Started GET "/" for ::1 at 2021-10-14 17:08:10 -0400
Processing by StaticPagesController#index as HTML
  Rendering static_pages/index.html.erb within layouts/application
  Rendered shared/_main_nav.html.erb (0.4ms)
  Rendered shared/_masthead.html.erb (0.3ms)
  Rendered shared/_sections_nav.html.erb (0.5ms)
  Rendered shared/_search_modal.html.erb (0.4ms)
  Rendered shared/_main_content.html.erb (0.3ms)
  Rendered static_pages/index.html.erb within layouts/application (40.0ms)
Completed 200 OK in 100ms (Views: 93.9ms | ActiveRecord: 0.0ms)


Started GET "/" for ::1 at 2021-10-14 17:08:11 -0400
Started GET "/" for ::1 at 2021-10-14 17:08:11 -0400
Processing by StaticPagesController#index as HTML
Processing by StaticPagesController#index as HTML
  Rendering static_pages/index.html.erb within layouts/application
  Rendering static_pages/index.html.erb within layouts/application
  Rendered shared/_main_nav.html.erb (0.9ms)
  Rendered shared/_main_nav.html.erb (0.0ms)
  Rendered shared/_masthead.html.erb (0.5ms)
  Rendered shared/_sections_nav.html.erb (0.4ms)
  Rendered shared/_masthead.html.erb (0.0ms)
  Rendered shared/_search_modal.html.erb (0.3ms)
  Rendered shared/_sections_nav.html.erb (0.0ms)
  Rendered shared/_main_content.html.erb (0.8ms)
  Rendered static_pages/index.html.erb within layouts/application (44.6ms)
  Rendered shared/_search_modal.html.erb (0.0ms)
  Rendered shared/_main_content.html.erb (0.1ms)
  Rendered static_pages/index.html.erb within layouts/application (178.8ms)
Completed 200 OK in 256ms (Views: 245.5ms | ActiveRecord: 0.0ms)


Completed 200 OK in 380ms (Views: 368.6ms | ActiveRecord: 0.0ms)


Started GET "/" for ::1 at 2021-10-14 17:26:12 -0400
DEPRECATION WARNING: ActiveRecord::Base.raise_in_transactional_callbacks= is deprecated, has no effect and will be removed without replacement. (called from block (3 levels) in <class:Railtie> at /home/mark/.rbenv/versions/2.5.1/lib/ruby/gems/2.5.0/gems/activerecord-5.0.7.2/lib/active_record/railtie.rb:113)
Processing by StaticPagesController#index as HTML
  Rendering static_pages/index.html.erb within layouts/application
  Rendered shared/_main_nav.html.erb (0.3ms)
  Rendered shared/_masthead.html.erb (0.6ms)
  Rendered shared/_sections_nav.html.erb (0.4ms)
  Rendered shared/_search_modal.html.erb (0.4ms)
  Rendered shared/_main_content.html.erb (0.3ms)
  Rendered static_pages/index.html.erb within layouts/application (10.8ms)
Completed 500 Internal Server Error in 281ms (ActiveRecord: 0.0ms)



Sass::SyntaxError - Invalid CSS after "	color": expected ";", was ": white;":
  app/views/layouts/application.html.erb:7:in `_app_views_layouts_application_html_erb___2998025447683734861_47089136541500'

Started POST "/__better_errors/b9300b0a756af720/variables" for ::1 at 2021-10-14 17:26:13 -0400
Started GET "/" for ::1 at 2021-10-14 17:29:32 -0400
Processing by StaticPagesController#index as HTML
  Rendering static_pages/index.html.erb within layouts/application
  Rendered shared/_main_nav.html.erb (0.9ms)
  Rendered shared/_masthead.html.erb (0.5ms)
  Rendered shared/_sections_nav.html.erb (1.0ms)
  Rendered shared/_search_modal.html.erb (0.5ms)
  Rendered shared/_main_content.html.erb (0.3ms)
  Rendered static_pages/index.html.erb within layouts/application (12.5ms)
Completed 200 OK in 481ms (Views: 478.6ms | ActiveRecord: 0.0ms)


Started GET "/assets/application.self-7db7f586e9bc5d1736b048906f136c686da369d009c683f6c3dfacb46fecc839.css?body=1" for ::1 at 2021-10-14 17:29:32 -0400
Started GET "/assets/application.self-f571b9db02bf4ed04c38a6a29072ac382f7d4f47db1fab9817aeadb0d8665235.js?body=1" for ::1 at 2021-10-14 17:29:32 -0400
Started GET "/assets/components/modal.self-52188644dbb47def5ee35ae02e69eb567ca9b664472357a8a5789dd39032a265.js?body=1" for ::1 at 2021-10-14 17:29:32 -0400
Started GET "/assets/jquery_ujs.self-784a997f6726036b1993eb2217c9cb558e1cbb801c6da88105588c56f13b466a.js?body=1" for ::1 at 2021-10-14 17:29:32 -0400
Started GET "/assets/jquery.self-bd7ddd393353a8d2480a622e80342adf488fb6006d667e8b42e4c0073393abee.js?body=1" for ::1 at 2021-10-14 17:29:32 -0400
Started GET "/assets/components/sidebar.self-2a1277f850a6fa21e1a974ef5152f177ac05516477d5081d593bb137b3d6808b.js?body=1" for ::1 at 2021-10-14 17:29:32 -0400
Started GET "/" for ::1 at 2021-10-14 18:20:02 -0400
DEPRECATION WARNING: ActiveRecord::Base.raise_in_transactional_callbacks= is deprecated, has no effect and will be removed without replacement. (called from block (3 levels) in <class:Railtie> at /home/mark/.rbenv/versions/2.5.1/lib/ruby/gems/2.5.0/gems/activerecord-5.0.7.2/lib/active_record/railtie.rb:113)
Processing by StaticPagesController#index as HTML
  Rendering static_pages/index.html.erb within layouts/application
  Rendered shared/_main_nav.html.erb (0.4ms)
  Rendered shared/_masthead.html.erb (0.4ms)
  Rendered shared/_sections_nav.html.erb (0.4ms)
  Rendered shared/_search_modal.html.erb (0.5ms)
  Rendered shared/_main_content.html.erb (0.6ms)
  Rendered static_pages/index.html.erb within layouts/application (9.8ms)
Completed 200 OK in 428ms (Views: 425.5ms | ActiveRecord: 0.0ms)


Started GET "/assets/application.self-a29455a17ba12f56622c091f0ddbb2857ac6a4fb0762d7ef9681aa2ae986ca0d.css?body=1" for ::1 at 2021-10-14 18:20:03 -0400
Started GET "/assets/AA_Times_Logo.png" for ::1 at 2021-10-14 18:20:03 -0400
Started GET "/" for ::1 at 2021-10-14 18:25:19 -0400
Processing by StaticPagesController#index as HTML
  Rendering static_pages/index.html.erb within layouts/application
  Rendered shared/_main_nav.html.erb (0.3ms)
  Rendered shared/_masthead.html.erb (1.2ms)
  Rendered shared/_sections_nav.html.erb (0.3ms)
  Rendered shared/_search_modal.html.erb (1.0ms)
  Rendered shared/_main_content.html.erb (0.4ms)
  Rendered static_pages/index.html.erb within layouts/application (10.2ms)
Completed 200 OK in 29ms (Views: 27.6ms | ActiveRecord: 0.0ms)


Started GET "/assets/AA_Times_Logo.png" for ::1 at 2021-10-14 18:25:19 -0400
Started GET "/" for ::1 at 2021-10-14 18:28:28 -0400
Processing by StaticPagesController#index as HTML
  Rendering static_pages/index.html.erb within layouts/application
  Rendered shared/_main_nav.html.erb (0.6ms)
  Rendered shared/_masthead.html.erb (1.1ms)
  Rendered shared/_sections_nav.html.erb (0.5ms)
  Rendered shared/_search_modal.html.erb (0.4ms)
  Rendered shared/_main_content.html.erb (0.4ms)
  Rendered static_pages/index.html.erb within layouts/application (11.2ms)
Completed 200 OK in 134ms (Views: 132.8ms | ActiveRecord: 0.0ms)


Started GET "/assets/application.self-555dbea9d16ce67e79c829b268f1abc4a0d5162300b5e86d46c5f12bf6b51330.css?body=1" for ::1 at 2021-10-14 18:28:28 -0400
Started GET "/assets/AA_Times_Logo.png" for ::1 at 2021-10-14 18:28:28 -0400
Started GET "/" for ::1 at 2021-10-14 18:28:48 -0400
Processing by StaticPagesController#index as HTML
  Rendering static_pages/index.html.erb within layouts/application
  Rendered shared/_main_nav.html.erb (0.3ms)
  Rendered shared/_masthead.html.erb (0.5ms)
  Rendered shared/_sections_nav.html.erb (0.4ms)
  Rendered shared/_search_modal.html.erb (0.3ms)
  Rendered shared/_main_content.html.erb (0.2ms)
  Rendered static_pages/index.html.erb within layouts/application (6.8ms)
Completed 200 OK in 117ms (Views: 116.4ms | ActiveRecord: 0.0ms)


Started GET "/assets/application.self-cefa405515ebdcf7bbd057a19fcc445a46c84f58de7437eb0790c1a163c4aaec.css?body=1" for ::1 at 2021-10-14 18:28:48 -0400
Started GET "/assets/AA_Times_Logo.png" for ::1 at 2021-10-14 18:28:48 -0400
Started GET "/" for ::1 at 2021-10-14 19:32:27 -0400
Processing by StaticPagesController#index as HTML
  Rendering static_pages/index.html.erb within layouts/application
  Rendered shared/_main_nav.html.erb (0.5ms)
  Rendered shared/_masthead.html.erb (0.5ms)
  Rendered shared/_sections_nav.html.erb (0.5ms)
  Rendered shared/_search_modal.html.erb (0.5ms)
  Rendered shared/_main_content.html.erb (0.6ms)
  Rendered static_pages/index.html.erb within layouts/application (10.3ms)
Completed 200 OK in 154ms (Views: 152.4ms | ActiveRecord: 0.0ms)


Started GET "/assets/application.self-770f60e19abea51cbe27c121fd9bf13b1e233f49db6e96aa326e96f2ee62b3d9.css?body=1" for ::1 at 2021-10-14 19:32:27 -0400
Started GET "/assets/AA_Times_Logo.png" for ::1 at 2021-10-14 19:32:27 -0400
Started GET "/" for ::1 at 2021-10-14 19:32:55 -0400
Processing by StaticPagesController#index as HTML
  Rendering static_pages/index.html.erb within layouts/application
  Rendered shared/_main_nav.html.erb (1.1ms)
  Rendered shared/_masthead.html.erb (1.3ms)
  Rendered shared/_sections_nav.html.erb (1.0ms)
  Rendered shared/_search_modal.html.erb (0.8ms)
  Rendered shared/_main_content.html.erb (0.9ms)
  Rendered static_pages/index.html.erb within layouts/application (24.7ms)
Completed 200 OK in 124ms (Views: 121.2ms | ActiveRecord: 0.0ms)


Started GET "/assets/application.self-078d880ce2ede8a90efd684caac2726baddc0442203f6532ba1e3e0c082c97be.css?body=1" for ::1 at 2021-10-14 19:32:55 -0400
Started GET "/assets/AA_Times_Logo.png" for ::1 at 2021-10-14 19:32:55 -0400
Started GET "/" for ::1 at 2021-10-14 19:33:36 -0400
Processing by StaticPagesController#index as HTML
  Rendering static_pages/index.html.erb within layouts/application
  Rendered shared/_main_nav.html.erb (0.5ms)
  Rendered shared/_masthead.html.erb (0.6ms)
  Rendered shared/_sections_nav.html.erb (0.4ms)
  Rendered shared/_search_modal.html.erb (0.6ms)
  Rendered shared/_main_content.html.erb (0.5ms)
  Rendered static_pages/index.html.erb within layouts/application (10.9ms)
Completed 200 OK in 133ms (Views: 131.2ms | ActiveRecord: 0.0ms)


Started GET "/assets/application.self-bb0aef84a56101adcc8d5a065e7bcfbef773b27cf331dbd9c9f0665c7f8ad4c6.css?body=1" for ::1 at 2021-10-14 19:33:37 -0400
Started GET "/assets/AA_Times_Logo.png" for ::1 at 2021-10-14 19:33:37 -0400
Started GET "/" for ::1 at 2021-10-14 19:36:39 -0400
Processing by StaticPagesController#index as HTML
  Rendering static_pages/index.html.erb within layouts/application
  Rendered shared/_main_nav.html.erb (1.1ms)
  Rendered shared/_masthead.html.erb (0.6ms)
  Rendered shared/_sections_nav.html.erb (0.4ms)
  Rendered shared/_search_modal.html.erb (0.3ms)
  Rendered shared/_main_content.html.erb (0.5ms)
  Rendered static_pages/index.html.erb within layouts/application (9.5ms)
Completed 200 OK in 121ms (Views: 120.5ms | ActiveRecord: 0.0ms)


Started GET "/assets/application.self-884cd02bd09fe968a0bc02c5e8f6c1353ccd38d808fb1c0c989fbfa9e19d2e7f.css?body=1" for ::1 at 2021-10-14 19:36:39 -0400
Started GET "/assets/AA_Times_Logo.png" for ::1 at 2021-10-14 19:36:39 -0400
Started GET "/" for ::1 at 2021-10-14 19:37:15 -0400
Processing by StaticPagesController#index as HTML
  Rendering static_pages/index.html.erb within layouts/application
  Rendered shared/_main_nav.html.erb (0.4ms)
  Rendered shared/_masthead.html.erb (0.6ms)
  Rendered shared/_sections_nav.html.erb (0.4ms)
  Rendered shared/_search_modal.html.erb (0.4ms)
  Rendered shared/_main_content.html.erb (0.7ms)
  Rendered static_pages/index.html.erb within layouts/application (9.1ms)
Completed 200 OK in 138ms (Views: 136.5ms | ActiveRecord: 0.0ms)


Started GET "/assets/application.self-1aedd9c2e283aa3f2be9af6760b68d98308dfefa7b82f30c256fe8ee1eeb4923.css?body=1" for ::1 at 2021-10-14 19:37:15 -0400
Started GET "/assets/AA_Times_Logo.png" for ::1 at 2021-10-14 19:37:15 -0400
Started GET "/" for ::1 at 2021-10-14 19:37:52 -0400
Processing by StaticPagesController#index as HTML
  Rendering static_pages/index.html.erb within layouts/application
  Rendered shared/_main_nav.html.erb (0.7ms)
  Rendered shared/_masthead.html.erb (0.4ms)
  Rendered shared/_sections_nav.html.erb (0.4ms)
  Rendered shared/_search_modal.html.erb (0.3ms)
  Rendered shared/_main_content.html.erb (0.4ms)
  Rendered static_pages/index.html.erb within layouts/application (8.5ms)
Completed 200 OK in 139ms (Views: 137.9ms | ActiveRecord: 0.0ms)


Started GET "/assets/application.self-3c494389022948015e2adfd7ff68bb40b0566a567c01f8040f51b418529c5228.css?body=1" for ::1 at 2021-10-14 19:37:52 -0400
Started GET "/assets/AA_Times_Logo.png" for ::1 at 2021-10-14 19:37:52 -0400
Started GET "/" for ::1 at 2021-10-14 19:38:07 -0400
Processing by StaticPagesController#index as HTML
  Rendering static_pages/index.html.erb within layouts/application
  Rendered shared/_main_nav.html.erb (0.5ms)
  Rendered shared/_masthead.html.erb (0.3ms)
  Rendered shared/_sections_nav.html.erb (0.4ms)
  Rendered shared/_search_modal.html.erb (0.4ms)
  Rendered shared/_main_content.html.erb (0.6ms)
  Rendered static_pages/index.html.erb within layouts/application (8.6ms)
Completed 200 OK in 121ms (Views: 119.4ms | ActiveRecord: 0.0ms)


Started GET "/assets/application.self-31aafc51b9fd7d94fdd274bb303e654673927e65c4647d255399074965f630dc.css?body=1" for ::1 at 2021-10-14 19:38:07 -0400
Started GET "/assets/AA_Times_Logo.png" for ::1 at 2021-10-14 19:38:07 -0400
Started GET "/" for ::1 at 2021-10-14 19:39:08 -0400
Processing by StaticPagesController#index as HTML
  Rendering static_pages/index.html.erb within layouts/application
  Rendered shared/_main_nav.html.erb (0.4ms)
  Rendered shared/_masthead.html.erb (0.5ms)
  Rendered shared/_sections_nav.html.erb (0.4ms)
  Rendered shared/_search_modal.html.erb (0.3ms)
  Rendered shared/_main_content.html.erb (0.3ms)
  Rendered static_pages/index.html.erb within layouts/application (7.7ms)
Completed 200 OK in 116ms (Views: 114.6ms | ActiveRecord: 0.0ms)


Started GET "/assets/application.self-f77afc800945325d6e8e4c63371d900eb4849412e84bf20a5164ed947a910618.css?body=1" for ::1 at 2021-10-14 19:39:08 -0400
Started GET "/assets/AA_Times_Logo.png" for ::1 at 2021-10-14 19:39:08 -0400
Started GET "/" for ::1 at 2021-10-14 19:39:09 -0400
Processing by StaticPagesController#index as HTML
  Rendering static_pages/index.html.erb within layouts/application
  Rendered shared/_main_nav.html.erb (0.3ms)
  Rendered shared/_masthead.html.erb (0.3ms)
  Rendered shared/_sections_nav.html.erb (0.3ms)
  Rendered shared/_search_modal.html.erb (0.4ms)
  Rendered shared/_main_content.html.erb (0.5ms)
  Rendered static_pages/index.html.erb within layouts/application (7.1ms)
Completed 200 OK in 24ms (Views: 23.0ms | ActiveRecord: 0.0ms)


Started GET "/assets/AA_Times_Logo.png" for ::1 at 2021-10-14 19:39:09 -0400
Started GET "/" for ::1 at 2021-10-14 19:39:29 -0400
Processing by StaticPagesController#index as HTML
  Rendering static_pages/index.html.erb within layouts/application
  Rendered shared/_main_nav.html.erb (0.3ms)
  Rendered shared/_masthead.html.erb (0.3ms)
  Rendered shared/_sections_nav.html.erb (0.4ms)
  Rendered shared/_search_modal.html.erb (0.4ms)
  Rendered shared/_main_content.html.erb (0.3ms)
  Rendered static_pages/index.html.erb within layouts/application (8.1ms)
Completed 200 OK in 108ms (Views: 106.9ms | ActiveRecord: 0.0ms)


Started GET "/assets/application.self-6b08c7601bee84a7f031e45be37d8ea3695f5bdc190bef59f78ee8507bc71191.css?body=1" for ::1 at 2021-10-14 19:39:29 -0400
Started GET "/assets/AA_Times_Logo.png" for ::1 at 2021-10-14 19:39:29 -0400
Started GET "/" for ::1 at 2021-10-14 19:40:12 -0400
Processing by StaticPagesController#index as HTML
  Rendering static_pages/index.html.erb within layouts/application
  Rendered shared/_main_nav.html.erb (0.5ms)
  Rendered shared/_masthead.html.erb (0.6ms)
  Rendered shared/_sections_nav.html.erb (0.7ms)
  Rendered shared/_search_modal.html.erb (0.5ms)
  Rendered shared/_main_content.html.erb (0.5ms)
  Rendered static_pages/index.html.erb within layouts/application (11.7ms)
Completed 200 OK in 124ms (Views: 122.6ms | ActiveRecord: 0.0ms)


Started GET "/assets/application.self-b32c14de5d8dfeac3d09e47a004c2b34ef6733821b814bbccb46940b5e0b358b.css?body=1" for ::1 at 2021-10-14 19:40:12 -0400
Started GET "/assets/AA_Times_Logo.png" for ::1 at 2021-10-14 19:40:12 -0400
Started GET "/" for ::1 at 2021-10-14 19:45:18 -0400
Processing by StaticPagesController#index as HTML
  Rendering static_pages/index.html.erb within layouts/application
  Rendered shared/_main_nav.html.erb (0.6ms)
  Rendered shared/_masthead.html.erb (0.6ms)
  Rendered shared/_sections_nav.html.erb (0.7ms)
  Rendered shared/_search_modal.html.erb (0.5ms)
  Rendered shared/_main_content.html.erb (0.7ms)
  Rendered static_pages/index.html.erb within layouts/application (11.7ms)
Completed 200 OK in 124ms (Views: 122.7ms | ActiveRecord: 0.0ms)


Started GET "/assets/application.self-16ab3963ef20c673b51ce223a73645bd26e865be7aa353bf6b6077dd92700067.css?body=1" for ::1 at 2021-10-14 19:45:18 -0400
Started GET "/assets/AA_Times_Logo.png" for ::1 at 2021-10-14 19:45:18 -0400
Started GET "/" for ::1 at 2021-10-14 19:45:56 -0400
Processing by StaticPagesController#index as HTML
  Rendering static_pages/index.html.erb within layouts/application
  Rendered shared/_main_nav.html.erb (0.3ms)
  Rendered shared/_masthead.html.erb (0.7ms)
  Rendered shared/_sections_nav.html.erb (0.3ms)
  Rendered shared/_search_modal.html.erb (0.4ms)
  Rendered shared/_main_content.html.erb (0.5ms)
  Rendered static_pages/index.html.erb within layouts/application (7.8ms)
Completed 200 OK in 25ms (Views: 24.2ms | ActiveRecord: 0.0ms)


Started GET "/assets/AA_Times_Logo.png" for ::1 at 2021-10-14 19:45:57 -0400
